Flutter crash report.
Please report a bug at https://github.com/flutter/flutter/issues.

## command

flutter --quiet assemble --no-version-check --depfile C:\Users\belac\Desktop\WOFT\New folder\Woft-first-project\build\app\intermediates\flutter\debug/flutter_build.d --output C:\Users\belac\Desktop\WOFT\New folder\Woft-first-project\build\app\intermediates\flutter\debug -dTargetFile=C:\Users\belac\Desktop\WOFT\New folder\Woft-first-project\lib\main.dart -dTargetPlatform=android -dBuildMode=debug -dTrackWidgetCreation=true --DartDefines=RkxVVFRFUl9XRUJfQVVUT19ERVRFQ1Q9dHJ1ZQ==,RkxVVFRFUl9XRUJfQ0FOVkFTS0lUX1VSTD1odHRwczovL3d3dy5nc3RhdGljLmNvbS9mbHV0dGVyLWNhbnZhc2tpdC9jZGJlZGE3ODhhMjkzZmEyOTY2NWRjM2ZhM2Q2ZTYzYmQyMjFjYjBkLw== debug_android_application

## exception

PathAccessException: PathAccessException: Cannot delete file, path = 'C:\Users\belac\Desktop\WOFT\New folder\Woft-first-project\.dart_tool\flutter_build\10c6f01a60b503b24f833da1f03a31a3\kernel_snapshot.stamp' (OS Error: The process cannot access the file because it is being used by another process.
, errno = 32)

```
#0      _File.throwIfError (dart:io/file_impl.dart:675:7)
#1      _File._deleteSync (dart:io/file_impl.dart:329:5)
#2      FileSystemEntity.deleteSync (dart:io/file_system_entity.dart:424:7)
#3      ForwardingFileSystemEntity.deleteSync (package:file/src/forwarding/forwarding_file_system_entity.dart:70:16)
#4      ForwardingFileSystemEntity.deleteSync (package:file/src/forwarding/forwarding_file_system_entity.dart:70:16)
#5      ErrorHandlingFileSystem.deleteIfExists (package:flutter_tools/src/base/error_handling_io.dart:80:12)
#6      Target.clearStamp (package:flutter_tools/src/build_system/build_system.dart:165:29)
#7      _BuildInstance._invokeInternal (package:flutter_tools/src/build_system/build_system.dart:874:19)
<asynchronous suspension>
#8      Future.wait.<anonymous closure> (dart:async/future.dart:525:21)
<asynchronous suspension>
#9      _BuildInstance.invokeTarget (package:flutter_tools/src/build_system/build_system.dart:785:32)
<asynchronous suspension>
#10     FlutterBuildSystem.build (package:flutter_tools/src/build_system/build_system.dart:614:16)
<asynchronous suspension>
#11     AssembleCommand.runCommand (package:flutter_tools/src/commands/assemble.dart:315:32)
<asynchronous suspension>
#12     FlutterCommand.run.<anonymous closure> (package:flutter_tools/src/runner/flutter_command.dart:1336:27)
<asynchronous suspension>
#13     AppContext.run.<anonymous closure> (package:flutter_tools/src/base/context.dart:150:19)
<asynchronous suspension>
#14     CommandRunner.runCommand (package:args/command_runner.dart:212:13)
<asynchronous suspension>
#15     FlutterCommandRunner.runCommand.<anonymous closure> (package:flutter_tools/src/runner/flutter_command_runner.dart:296:9)
<asynchronous suspension>
#16     AppContext.run.<anonymous closure> (package:flutter_tools/src/base/context.dart:150:19)
<asynchronous suspension>
#17     FlutterCommandRunner.runCommand (package:flutter_tools/src/runner/flutter_command_runner.dart:244:5)
<asynchronous suspension>
#18     run.<anonymous closure>.<anonymous closure> (package:flutter_tools/runner.dart:91:9)
<asynchronous suspension>
#19     AppContext.run.<anonymous closure> (package:flutter_tools/src/base/context.dart:150:19)
<asynchronous suspension>
#20     main (package:flutter_tools/executable.dart:91:3)
<asynchronous suspension>
```

## flutter doctor

```
[!] Flutter (Channel stable, 3.10.6, on Microsoft Windows [Version 10.0.19045.3324], locale en-US)
    • Flutter version 3.10.6 on channel stable at C:\flutter\flutter
    ! Warning: `flutter` on your path resolves to C:\flutter\bin\flutter, which is not inside your current Flutter SDK checkout at C:\flutter\flutter. Consider adding C:\flutter\flutter\bin to the front of your path.
    ! Warning: `dart` on your path resolves to C:\flutter\bin\dart, which is not inside your current Flutter SDK checkout at C:\flutter\flutter. Consider adding C:\flutter\flutter\bin to the front of your path.
    • Upstream repository https://github.com/flutter/flutter.git
    • Framework revision f468f3366c (5 weeks ago), 2023-07-12 15:19:05 -0700
    • Engine revision cdbeda788a
    • Dart version 3.0.6
    • DevTools version 2.23.1
    • If those were intentional, you can disregard the above warnings; however it is recommended to use "git" directly to perform update checks and upgrades.

[✓] Windows Version (Installed version of Windows is version 10 or higher)

[!] Android toolchain - develop for Android devices (Android SDK version 34.0.0)
    • Android SDK at C:\Users\belac\AppData\Local\Android\sdk
    • Platform android-34, build-tools 34.0.0
    • Java binary at: C:\Program Files\Android\Android Studio\jbr\bin\java
    • Java version OpenJDK Runtime Environment (build 17.0.6+0-b2043.56-9586694)
    ! Some Android licenses not accepted. To resolve this, run: flutter doctor --android-licenses

[✓] Chrome - develop for the web
    • Chrome at C:\Program Files (x86)\Google\Chrome\Application\chrome.exe

[✗] Visual Studio - develop for Windows
    ✗ Visual Studio not installed; this is necessary for Windows development.
      Download at https://visualstudio.microsoft.com/downloads/.
      Please install the "Desktop development with C++" workload, including all of its default components

[✓] Android Studio (version 2022.2)
    • Android Studio at C:\Program Files\Android\Android Studio
    • Flutter plugin can be installed from:
      🔨 https://plugins.jetbrains.com/plugin/9212-flutter
    • Dart plugin can be installed from:
      🔨 https://plugins.jetbrains.com/plugin/6351-dart
    • Java version OpenJDK Runtime Environment (build 17.0.6+0-b2043.56-9586694)

[✓] VS Code (version 1.81.1)
    • VS Code at C:\Users\belac\AppData\Local\Programs\Microsoft VS Code
    • Flutter extension version 3.70.0

[✓] Connected device (4 available)
    • Infinix X665 (mobile) • 078413025K010698 • android-arm    • Android 11 (API 30)
    • Windows (desktop)     • windows          • windows-x64    • Microsoft Windows [Version 10.0.19045.3324]
    • Chrome (web)          • chrome           • web-javascript • Google Chrome 115.0.5790.171
    • Edge (web)            • edge             • web-javascript • Microsoft Edge 115.0.1901.203

[✓] Network resources
    • All expected network resources are available.

! Doctor found issues in 3 categories.
```
